<?xml version="1.0" encoding="UTF-8"?>
<!-- Generated by org.testng.reporters.JUnitReportReporter -->
<testsuite hostname="DESKTOP-18QGTHL" failures="0" tests="3" name="scripts.MapAuditTypeToReminderTest" time="178.457" errors="0" timestamp="2024-06-19T12:55:56 IST" skipped="0">
  <testcase classname="scripts.MapAuditTypeToReminderTest" name="Configure_Audit_Page_Test" time="12.590"/>
  <system-out/>
  <testcase classname="scripts.MapAuditTypeToReminderTest" name="CreateParentAuditType" time="157.574"/>
  <system-out/>
  <testcase classname="scripts.MapAuditTypeToReminderTest" name="MapAuditWithReminder" time="8.293"/>
  <system-out/>
</testsuite> <!-- scripts.MapAuditTypeToReminderTest -->
