<?xml version="1.0" encoding="UTF-8"?>
<!-- Generated by org.testng.reporters.JUnitReportReporter -->
<testsuite hostname="DESKTOP-18QGTHL" failures="0" tests="4" name="scripts.SelfSchduleFunctionalityTest" time="76.232" errors="0" timestamp="2024-06-25T10:15:28 IST" skipped="0">
  <testcase classname="scripts.SelfSchduleFunctionalityTest" name="Audit_Schedule_Page_Test" time="12.139"/>
  <system-out/>
  <testcase classname="scripts.SelfSchduleFunctionalityTest" name="SelfScheduleTest" time="22.336"/>
  <system-out/>
  <testcase classname="scripts.SelfSchduleFunctionalityTest" name="SelfScheduleReasonMandatoryErrorMeassgeTest" time="20.885"/>
  <system-out/>
  <testcase classname="scripts.SelfSchduleFunctionalityTest" name="SelfScheduleReasonMandatoryTest" time="20.872"/>
  <system-out/>
</testsuite> <!-- scripts.SelfSchduleFunctionalityTest -->
