<?xml version="1.0" encoding="UTF-8"?>
<!-- Generated by org.testng.reporters.JUnitReportReporter -->
<testsuite hostname="A360-Automation" name="scripts.Scenario1RespondentAndAuditeeReviewerWorkflowHasBeenEliminatedButAuditeeSignoffIsEnabled" tests="2" failures="0" timestamp="23 Nov 2022 11:51:26 GMT" time="58.277" errors="0">
  <testcase name="Create_Audit_Type_Page_Test" time="7.692" classname="scripts.Scenario1RespondentAndAuditeeReviewerWorkflowHasBeenEliminatedButAuditeeSignoffIsEnabled"/>
  <testcase name="Finalize_Audit_Test" time="50.585" classname="scripts.Scenario1RespondentAndAuditeeReviewerWorkflowHasBeenEliminatedButAuditeeSignoffIsEnabled"/>
</testsuite> <!-- scripts.Scenario1RespondentAndAuditeeReviewerWorkflowHasBeenEliminatedButAuditeeSignoffIsEnabled -->
