<?xml version="1.0" encoding="UTF-8"?>
<!-- Generated by org.testng.reporters.JUnitReportReporter -->
<testsuite hostname="DESKTOP-18QGTHL" failures="0" tests="4" name="scripts.CreatingParallelExecutionScheduleFunctionalityTest" time="291.136" errors="0" timestamp="2024-06-28T17:13:17 IST" skipped="0">
  <testcase classname="scripts.CreatingParallelExecutionScheduleFunctionalityTest" name="Creating_Audit_Type_Test" time="187.104"/>
  <system-out/>
  <testcase classname="scripts.CreatingParallelExecutionScheduleFunctionalityTest" name="Auditee_Admin_Configuration_Test" time="26.867"/>
  <system-out/>
  <testcase classname="scripts.CreatingParallelExecutionScheduleFunctionalityTest" name="Creating_Audit_Schedule_Test" time="41.448"/>
  <system-out/>
  <testcase classname="scripts.CreatingParallelExecutionScheduleFunctionalityTest" name="UpdateParallelAudit" time="35.717"/>
  <system-out/>
</testsuite> <!-- scripts.CreatingParallelExecutionScheduleFunctionalityTest -->
