<?xml version="1.0" encoding="UTF-8"?>
<!-- Generated by org.testng.reporters.JUnitReportReporter -->
<testsuite hostname="DESKTOP-18QGTHL" failures="0" tests="6" name="scripts.AuditeeReviewerMyAuditsPageSearchFunctionalityTest" time="53.635" errors="0" timestamp="2024-05-02T12:17:44 IST" skipped="0">
  <testcase classname="scripts.AuditeeReviewerMyAuditsPageSearchFunctionalityTest" name="MY_Audits_Page_Test" time="8.106"/>
  <system-out/>
  <testcase classname="scripts.AuditeeReviewerMyAuditsPageSearchFunctionalityTest" name="Select_Audit_Type_Search_Test" time="8.376"/>
  <system-out/>
  <testcase classname="scripts.AuditeeReviewerMyAuditsPageSearchFunctionalityTest" name="Select_Execution_Status_Search_Test" time="3.751"/>
  <system-out/>
  <testcase classname="scripts.AuditeeReviewerMyAuditsPageSearchFunctionalityTest" name="Select_Date_Range_Search_Test" time="4.045"/>
  <system-out/>
  <testcase classname="scripts.AuditeeReviewerMyAuditsPageSearchFunctionalityTest" name="Select_Auditee_Search_Test" time="11.231"/>
  <system-out/>
  <testcase classname="scripts.AuditeeReviewerMyAuditsPageSearchFunctionalityTest" name="All_Search_Test" time="18.126"/>
  <system-out/>
</testsuite> <!-- scripts.AuditeeReviewerMyAuditsPageSearchFunctionalityTest -->
