<?xml version="1.0" encoding="UTF-8"?>
<!-- Generated by org.testng.reporters.JUnitReportReporter -->
<testsuite hostname="DESKTOP-18QGTHL" failures="0" tests="1" name="scripts.AnnexureListingAndSearchAnnexureFunctionalityTest" time="45.608" errors="0" timestamp="2024-06-12T14:37:41 IST" skipped="0">
  <testcase classname="scripts.AnnexureListingAndSearchAnnexureFunctionalityTest" name="Uploading_Annexure_Documenet_Test" time="45.608"/>
  <system-out/>
</testsuite> <!-- scripts.AnnexureListingAndSearchAnnexureFunctionalityTest -->
