<?xml version="1.0" encoding="UTF-8"?>
<!-- Generated by org.testng.reporters.JUnitReportReporter -->
<testsuite hostname="DESKTOP-18QGTHL" failures="0" tests="4" name="scripts.AuditorDashboardHeaderScreenFunctionalityTest" time="112.462" errors="0" timestamp="2024-06-19T16:14:26 IST" skipped="0">
  <testcase classname="scripts.AuditorDashboardHeaderScreenFunctionalityTest" name="AuditorDashboardHeaderScreenTest" time="7.808"/>
  <system-out/>
  <testcase classname="scripts.AuditorDashboardHeaderScreenFunctionalityTest" name="SelfScheduleTest" time="18.192"/>
  <system-out/>
  <testcase classname="scripts.AuditorDashboardHeaderScreenFunctionalityTest" name="ExecuteCheckpoint" time="36.700"/>
  <system-out/>
  <testcase classname="scripts.AuditorDashboardHeaderScreenFunctionalityTest" name="AddCheckpointInMiddeleOfExecution" time="49.762"/>
  <system-out/>
</testsuite> <!-- scripts.AuditorDashboardHeaderScreenFunctionalityTest -->
