<?xml version="1.0" encoding="UTF-8"?>
<!-- Generated by org.testng.reporters.JUnitReportReporter -->
<testsuite hostname="DESKTOP-18QGTHL" failures="0" tests="5" name="scripts.ReAssignedRequestsAcceptFunctionalityTest" time="358.468" errors="0" timestamp="2024-06-28T18:03:54 IST" skipped="0">
  <testcase classname="scripts.ReAssignedRequestsAcceptFunctionalityTest" name="Creating_Audit_Type_Test" time="275.178"/>
  <system-out/>
  <testcase classname="scripts.ReAssignedRequestsAcceptFunctionalityTest" name="Auditee_Admin_Configuration_Test" time="21.294"/>
  <system-out/>
  <testcase classname="scripts.ReAssignedRequestsAcceptFunctionalityTest" name="Creating_Schedule_Test" time="21.832"/>
  <system-out/>
  <testcase classname="scripts.ReAssignedRequestsAcceptFunctionalityTest" name="Reassign_Audit_Schedule_Test" time="21.609"/>
  <system-out/>
  <testcase classname="scripts.ReAssignedRequestsAcceptFunctionalityTest" name="ReAssigned_Request_Accept_Test" time="18.555"/>
  <system-out/>
</testsuite> <!-- scripts.ReAssignedRequestsAcceptFunctionalityTest -->
