<?xml version="1.0" encoding="UTF-8"?>
<!-- Generated by org.testng.reporters.JUnitReportReporter -->
<testsuite hostname="DESKTOP-18QGTHL" failures="0" tests="5" name="scripts.EditSheduleApproveFunctionalityTest" time="263.427" errors="0" timestamp="2024-06-28T18:03:54 IST" skipped="0">
  <testcase classname="scripts.EditSheduleApproveFunctionalityTest" name="Creating_Audit_Test" time="184.719"/>
  <system-out/>
  <testcase classname="scripts.EditSheduleApproveFunctionalityTest" name="Auditee_Admin_Configuration_Test" time="19.192"/>
  <system-out/>
  <testcase classname="scripts.EditSheduleApproveFunctionalityTest" name="Creating_Schedule_Test" time="20.809"/>
  <system-out/>
  <testcase classname="scripts.EditSheduleApproveFunctionalityTest" name="Edit_Schedule_Test" time="22.263"/>
  <system-out/>
  <testcase classname="scripts.EditSheduleApproveFunctionalityTest" name="Request_Accept_Test" time="16.444"/>
  <system-out/>
</testsuite> <!-- scripts.EditSheduleApproveFunctionalityTest -->
