<?xml version="1.0" encoding="UTF-8"?>
<!-- Generated by org.testng.reporters.JUnitReportReporter -->
<testsuite hostname="A360-Automation" name="scripts.PercentageOfPositiveScoringLogicSubAuditsScenario1Test" tests="15" failures="0" timestamp="22 Nov 2022 08:07:51 GMT" time="707.858" errors="0">
  <testcase name="Adding_Four_CheckPoints_To_Group_Test" time="49.645" classname="scripts.PercentageOfPositiveScoringLogicSubAuditsScenario1Test"/>
  <testcase name="Audit_Execution_Test" time="286.054" classname="scripts.PercentageOfPositiveScoringLogicSubAuditsScenario1Test"/>
  <testcase name="Creating_Parent_Audit_Type_Test" time="39.470" classname="scripts.PercentageOfPositiveScoringLogicSubAuditsScenario1Test"/>
  <testcase name="Creating_Annexures_Group_Test" time="12.069" classname="scripts.PercentageOfPositiveScoringLogicSubAuditsScenario1Test"/>
  <testcase name="Adding_Dynamic_Annexure_Test" time="15.265" classname="scripts.PercentageOfPositiveScoringLogicSubAuditsScenario1Test"/>
  <testcase name="Adding_Four_CheckPoints_To_Dynamic_Annexure_Group_Test" time="48.146" classname="scripts.PercentageOfPositiveScoringLogicSubAuditsScenario1Test"/>
  <testcase name="Uploading_Annexure_Documents_Test" time="34.918" classname="scripts.PercentageOfPositiveScoringLogicSubAuditsScenario1Test"/>
  <testcase name="Adding_Static_Annexure_Test" time="18.991" classname="scripts.PercentageOfPositiveScoringLogicSubAuditsScenario1Test"/>
  <testcase name="Auditee_Admin_Configuration_Test" time="12.780" classname="scripts.PercentageOfPositiveScoringLogicSubAuditsScenario1Test"/>
  <testcase name="Adding_Four_CheckPoints_To_another_Group_Test" time="50.674" classname="scripts.PercentageOfPositiveScoringLogicSubAuditsScenario1Test"/>
  <testcase name="Creating_General_Groups_Test" time="7.207" classname="scripts.PercentageOfPositiveScoringLogicSubAuditsScenario1Test"/>
  <testcase name="Adding_Four_CheckPoints_To_Static_Annexure_Group_Test" time="48.730" classname="scripts.PercentageOfPositiveScoringLogicSubAuditsScenario1Test"/>
  <testcase name="Annexure_Page_Test" time="10.244" classname="scripts.PercentageOfPositiveScoringLogicSubAuditsScenario1Test"/>
  <testcase name="Creating_Audit_Schedule_Test" time="16.139" classname="scripts.PercentageOfPositiveScoringLogicSubAuditsScenario1Test"/>
  <testcase name="Creating_Sub_AuditTypes_Test" time="57.526" classname="scripts.PercentageOfPositiveScoringLogicSubAuditsScenario1Test"/>
</testsuite> <!-- scripts.PercentageOfPositiveScoringLogicSubAuditsScenario1Test -->
