<?xml version="1.0" encoding="UTF-8"?>
<!-- Generated by org.testng.reporters.JUnitReportReporter -->
<testsuite hostname="DESKTOP-18QGTHL" failures="0" tests="4" name="scripts.AuditTypeVersionView" time="236.509" errors="0" timestamp="2024-06-19T12:11:26 IST" skipped="0">
  <testcase classname="scripts.AuditTypeVersionView" name="Configure_Audit_Page_Test" time="16.601"/>
  <system-out/>
  <testcase classname="scripts.AuditTypeVersionView" name="CreateParentAuditType" time="162.680"/>
  <system-out/>
  <testcase classname="scripts.AuditTypeVersionView" name="SearchParentAuditInConfugreAuditPage" time="4.522"/>
  <system-out/>
  <testcase classname="scripts.AuditTypeVersionView" name="VerifyAuditTypeVersion" time="52.706"/>
  <system-out/>
</testsuite> <!-- scripts.AuditTypeVersionView -->
