<?xml version="1.0" encoding="UTF-8"?>
<!-- Generated by org.testng.reporters.JUnitReportReporter -->
<testsuite hostname="DESKTOP-18QGTHL" failures="0" tests="5" name="scripts.EditScheduleEditFunctionalityTest" time="273.485" errors="0" timestamp="2024-06-28T18:03:54 IST" skipped="0">
  <testcase classname="scripts.EditScheduleEditFunctionalityTest" name="Creating_Audit_Test" time="173.212"/>
  <system-out/>
  <testcase classname="scripts.EditScheduleEditFunctionalityTest" name="Auditee_Admin_Configuration_Test" time="18.019"/>
  <system-out/>
  <testcase classname="scripts.EditScheduleEditFunctionalityTest" name="Creating_Schedule_Test" time="20.083"/>
  <system-out/>
  <testcase classname="scripts.EditScheduleEditFunctionalityTest" name="Edit_Schedule_Test" time="21.563"/>
  <system-out/>
  <testcase classname="scripts.EditScheduleEditFunctionalityTest" name="Request_Accept_Test" time="40.608"/>
  <system-out/>
</testsuite> <!-- scripts.EditScheduleEditFunctionalityTest -->
