<?xml version="1.0" encoding="UTF-8"?>
<!-- Generated by org.testng.reporters.JUnitReportReporter -->
<testsuite hostname="DESKTOP-18QGTHL" failures="0" tests="5" name="scripts.ReassignRequestEditFunctionalityTest" time="361.236" errors="0" timestamp="2024-06-28T18:03:54 IST" skipped="0">
  <testcase classname="scripts.ReassignRequestEditFunctionalityTest" name="Creating_Audit_Type_Test" time="236.978"/>
  <system-out/>
  <testcase classname="scripts.ReassignRequestEditFunctionalityTest" name="Auditee_Admin_Configuration_Test" time="20.052"/>
  <system-out/>
  <testcase classname="scripts.ReassignRequestEditFunctionalityTest" name="Creating_Schedule_Test" time="21.459"/>
  <system-out/>
  <testcase classname="scripts.ReassignRequestEditFunctionalityTest" name="Reassign_Audit_Schedule_Test" time="36.671"/>
  <system-out/>
  <testcase classname="scripts.ReassignRequestEditFunctionalityTest" name="ReAssigned_Request_Accept_Test" time="46.076"/>
  <system-out/>
</testsuite> <!-- scripts.ReassignRequestEditFunctionalityTest -->
