<?xml version="1.0" encoding="UTF-8"?>
<!-- Generated by org.testng.reporters.JUnitReportReporter -->
<testsuite hostname="DESKTOP-18QGTHL" failures="0" tests="5" name="scripts.DummyTest" time="125.752" errors="0" timestamp="2024-06-07T15:26:22 IST" skipped="0">
  <testcase classname="scripts.DummyTest" name="Signoffing_The_AuditType_Test" time="36.328"/>
  <system-out/>
  <testcase classname="scripts.DummyTest" name="DateRange" time="5.496"/>
  <system-out/>
  <testcase classname="scripts.DummyTest" name="SelectAuditee" time="18.425"/>
  <system-out/>
  <testcase classname="scripts.DummyTest" name="SelectSmartSearch" time="33.809"/>
  <system-out/>
  <testcase classname="scripts.DummyTest" name="ExecutionStatus" time="31.694"/>
  <system-out/>
</testsuite> <!-- scripts.DummyTest -->
