<?xml version="1.0" encoding="UTF-8"?>
<!-- Generated by org.testng.reporters.JUnitReportReporter -->
<testsuite hostname="DESKTOP-18QGTHL" failures="0" tests="1" name="scripts.ImpulsiveAnnexureCreationFunctionalityTest" time="45.870" errors="0" timestamp="2024-06-14T15:08:43 IST" skipped="0">
  <testcase classname="scripts.ImpulsiveAnnexureCreationFunctionalityTest" name="Impulsive_Annexure_Creation" time="45.870"/>
  <system-out/>
</testsuite> <!-- scripts.ImpulsiveAnnexureCreationFunctionalityTest -->
