<?xml version="1.0" encoding="UTF-8"?>
<!-- Generated by org.testng.reporters.JUnitReportReporter -->
<testsuite hostname="DESKTOP-18QGTHL" failures="0" tests="5" name="scripts.ExpressModeFunctionalityTest" time="270.694" errors="0" timestamp="2024-06-21T12:49:54 IST" skipped="0">
  <testcase classname="scripts.ExpressModeFunctionalityTest" name="Adding_Group_Test" time="8.205"/>
  <system-out/>
  <testcase classname="scripts.ExpressModeFunctionalityTest" name="Creating_Parent_Audit_Type_Test" time="167.982"/>
  <system-out/>
  <testcase classname="scripts.ExpressModeFunctionalityTest" name="Auditee_Admin_Configuration_Test" time="18.499"/>
  <system-out/>
  <testcase classname="scripts.ExpressModeFunctionalityTest" name="Creating_Multiple_Auditor_Schedule_Test" time="20.936"/>
  <system-out/>
  <testcase classname="scripts.ExpressModeFunctionalityTest" name="Executing_The_Schedule_By_2nd_Auditor_Through_Express_Mode_Test" time="55.072"/>
  <system-out/>
</testsuite> <!-- scripts.ExpressModeFunctionalityTest -->
