<?xml version="1.0" encoding="UTF-8"?>
<!-- Generated by org.testng.reporters.JUnitReportReporter -->
<testsuite skipped="0" hostname="Automation-win" name="scripts.RedistributionScoringLogicSubAuditsScenario2Test" tests="9" failures="0" timestamp="2023-06-14T02:42:53 IST" time="521.912" errors="0">
  <testcase name="Annexure_Page_Test" time="3.928" classname="scripts.RedistributionScoringLogicSubAuditsScenario2Test"/>
  <system-out/>
  <testcase name="Creating_Sub_AuditTypes_Test" time="82.331" classname="scripts.RedistributionScoringLogicSubAuditsScenario2Test"/>
  <system-out/>
  <testcase name="Creating_Parent_Audit_Type_Test" time="51.639" classname="scripts.RedistributionScoringLogicSubAuditsScenario2Test"/>
  <system-out/>
  <testcase name="Uploading_Annexure_Documents_Test" time="41.012" classname="scripts.RedistributionScoringLogicSubAuditsScenario2Test"/>
  <system-out/>
  <testcase name="Auditee_Admin_Configuration_Test" time="20.252" classname="scripts.RedistributionScoringLogicSubAuditsScenario2Test"/>
  <system-out/>
  <testcase name="Creating_Audit_Schedule_Test" time="19.837" classname="scripts.RedistributionScoringLogicSubAuditsScenario2Test"/>
  <system-out/>
  <testcase name="Audit_Execution_Test" time="235.552" classname="scripts.RedistributionScoringLogicSubAuditsScenario2Test"/>
  <system-out/>
  <testcase name="Finalize_Audit_Test" time="59.613" classname="scripts.RedistributionScoringLogicSubAuditsScenario2Test"/>
  <system-out/>
  <testcase name="Validating_The_Scores_Test" time="7.748" classname="scripts.RedistributionScoringLogicSubAuditsScenario2Test"/>
  <system-out/>
</testsuite> <!-- scripts.RedistributionScoringLogicSubAuditsScenario2Test -->
