<?xml version="1.0" encoding="UTF-8"?>
<!-- Generated by org.testng.reporters.JUnitReportReporter -->
<testsuite skipped="0" hostname="Automation-win" name="scripts.ReassignSchedulePageFunctionalityTest" tests="5" failures="0" timestamp="2023-01-04T17:21:11 IST" time="142.304" errors="0">
  <testcase name="Creating_Audit_Type_Test" time="69.674" classname="scripts.ReassignSchedulePageFunctionalityTest"/>
  <system-out/>
  <testcase name="Auditee_Admin_Configuration_Test" time="15.343" classname="scripts.ReassignSchedulePageFunctionalityTest"/>
  <system-out/>
  <testcase name="Creating_Schedule_Audit_Test" time="20.995" classname="scripts.ReassignSchedulePageFunctionalityTest"/>
  <system-out/>
  <testcase name="Reassign_Audit_Schedule_Test" time="21.907" classname="scripts.ReassignSchedulePageFunctionalityTest"/>
  <system-out/>
  <testcase name="ReAssigned_Request_Reject_Test" time="14.385" classname="scripts.ReassignSchedulePageFunctionalityTest"/>
  <system-out/>
</testsuite> <!-- scripts.ReassignSchedulePageFunctionalityTest -->
