<?xml version="1.0" encoding="UTF-8"?>
<!-- Generated by org.testng.reporters.JUnitReportReporter -->
<testsuite skipped="0" hostname="Automation-win" name="scripts.RedistributionScoringLogicSubAuditsScenario3Test" tests="9" failures="0" timestamp="2023-06-14T02:42:53 IST" time="450.072" errors="0">
  <testcase name="Annexure_Page_Test" time="4.084" classname="scripts.RedistributionScoringLogicSubAuditsScenario3Test"/>
  <system-out/>
  <testcase name="Creating_Sub_AuditTypes_Test" time="63.734" classname="scripts.RedistributionScoringLogicSubAuditsScenario3Test"/>
  <system-out/>
  <testcase name="Creating_Parent_Audit_Type_Test" time="46.531" classname="scripts.RedistributionScoringLogicSubAuditsScenario3Test"/>
  <system-out/>
  <testcase name="Uploading_Annexure_Documents_Test" time="25.393" classname="scripts.RedistributionScoringLogicSubAuditsScenario3Test"/>
  <system-out/>
  <testcase name="Auditee_Admin_Configuration_Test" time="18.690" classname="scripts.RedistributionScoringLogicSubAuditsScenario3Test"/>
  <system-out/>
  <testcase name="Creating_Audit_Schedule_Test" time="20.009" classname="scripts.RedistributionScoringLogicSubAuditsScenario3Test"/>
  <system-out/>
  <testcase name="Audit_Execution_Test" time="214.304" classname="scripts.RedistributionScoringLogicSubAuditsScenario3Test"/>
  <system-out/>
  <testcase name="Finalize_Audit_Test" time="49.860" classname="scripts.RedistributionScoringLogicSubAuditsScenario3Test"/>
  <system-out/>
  <testcase name="Validating_The_Scores_Test" time="7.467" classname="scripts.RedistributionScoringLogicSubAuditsScenario3Test"/>
  <system-out/>
</testsuite> <!-- scripts.RedistributionScoringLogicSubAuditsScenario3Test -->
