<?xml version="1.0" encoding="UTF-8"?>
<!-- Generated by org.testng.reporters.JUnitReportReporter -->
<testsuite hostname="DESKTOP-18QGTHL" failures="0" tests="5" name="scripts.EditSheduleRejectFunctionalityTest" time="249.717" errors="0" timestamp="2024-06-28T18:03:54 IST" skipped="0">
  <testcase classname="scripts.EditSheduleRejectFunctionalityTest" name="Creating_Audit_Type_Test" time="169.362"/>
  <system-out/>
  <testcase classname="scripts.EditSheduleRejectFunctionalityTest" name="Auditee_Admin_Configuration_Test" time="17.747"/>
  <system-out/>
  <testcase classname="scripts.EditSheduleRejectFunctionalityTest" name="Creating_Schedule_Test" time="20.843"/>
  <system-out/>
  <testcase classname="scripts.EditSheduleRejectFunctionalityTest" name="Edit_Audit_Schedule_Test" time="23.142"/>
  <system-out/>
  <testcase classname="scripts.EditSheduleRejectFunctionalityTest" name="Request_Reject_Test" time="18.623"/>
  <system-out/>
</testsuite> <!-- scripts.EditSheduleRejectFunctionalityTest -->
