<?xml version="1.0" encoding="UTF-8"?>
<!-- Generated by org.testng.reporters.JUnitReportReporter -->
<testsuite skipped="0" hostname="Automation-win" name="scripts.TagNAGroupsFunctionalityTest" tests="6" failures="0" timestamp="2023-03-06T12:33:21 IST" time="193.457" errors="0">
  <testcase name="Creating_Parent_Audit_Type_Test" time="50.686" classname="scripts.TagNAGroupsFunctionalityTest"/>
  <system-out/>
  <testcase name="Auditee_Admin_Configuration_Test" time="14.519" classname="scripts.TagNAGroupsFunctionalityTest"/>
  <system-out/>
  <testcase name="Creating_Audit_Schedule_Test" time="19.472" classname="scripts.TagNAGroupsFunctionalityTest"/>
  <system-out/>
  <testcase name="Executing_The_AuditType_Through_Noramal_Mode_Test" time="70.895" classname="scripts.TagNAGroupsFunctionalityTest"/>
  <system-out/>
  <testcase name="Signoffing_The_AuditType_Test" time="14.358" classname="scripts.TagNAGroupsFunctionalityTest"/>
  <system-out/>
  <testcase name="Finalizing_The_AuditType_Test" time="23.527" classname="scripts.TagNAGroupsFunctionalityTest"/>
  <system-out/>
</testsuite> <!-- scripts.TagNAGroupsFunctionalityTest -->
