<?xml version="1.0" encoding="UTF-8"?>
<!-- Generated by org.testng.reporters.JUnitReportReporter -->
<testsuite hostname="DESKTOP-F396GN6" failures="0" tests="8" name="scripts.AllocateIssuesPageFunctionalityTest" time="28.188" errors="0" timestamp="2024-02-27T17:26:56 IST" skipped="6">
  <testcase classname="scripts.AllocateIssuesPageFunctionalityTest" name="Allocate_Issues_Page_Test" time="11.383"/>
  <testcase classname="scripts.AllocateIssuesPageFunctionalityTest" name="Allocate_Issues_Mandatory_Field_Test" time="16.805"/>
  <testcase classname="scripts.AllocateIssuesPageFunctionalityTest" name="Reassigned_Issues_View_Test">
    <skipped/>
  </testcase> <!-- Reassigned_Issues_View_Test -->
  <testcase classname="scripts.AllocateIssuesPageFunctionalityTest" name="Removing_All_Allocated_Issues_Test">
    <skipped/>
  </testcase> <!-- Removing_All_Allocated_Issues_Test -->
  <testcase classname="scripts.AllocateIssuesPageFunctionalityTest" name="View_Allocated_Issues_Test">
    <skipped/>
  </testcase> <!-- View_Allocated_Issues_Test -->
  <testcase classname="scripts.AllocateIssuesPageFunctionalityTest" name="Removed_Allocated_Issues_Should_Not_Contains_Reassign_Remove_Button_Test">
    <skipped/>
  </testcase> <!-- Removed_Allocated_Issues_Should_Not_Contains_Reassign_Remove_Button_Test -->
  <testcase classname="scripts.AllocateIssuesPageFunctionalityTest" name="Allocating_Issues_Test">
    <skipped/>
  </testcase> <!-- Allocating_Issues_Test -->
  <testcase classname="scripts.AllocateIssuesPageFunctionalityTest" name="Reassign_Issues_Test">
    <skipped/>
  </testcase> <!-- Reassign_Issues_Test -->
</testsuite> <!-- scripts.AllocateIssuesPageFunctionalityTest -->
