<?xml version="1.0" encoding="UTF-8"?>
<!-- Generated by org.testng.reporters.JUnitReportReporter -->
<testsuite hostname="DESKTOP-18QGTHL" failures="0" tests="6" name="scripts.RejectScheduleRejectFunctionalityTest" time="280.994" errors="0" timestamp="2024-06-28T18:03:54 IST" skipped="0">
  <testcase classname="scripts.RejectScheduleRejectFunctionalityTest" name="Creating_Audit_Type_Test" time="165.048"/>
  <system-out/>
  <testcase classname="scripts.RejectScheduleRejectFunctionalityTest" name="Auditee_Admin_Configuration_Test" time="18.638"/>
  <system-out/>
  <testcase classname="scripts.RejectScheduleRejectFunctionalityTest" name="Creating_Audit_Schedule_Test" time="20.815"/>
  <system-out/>
  <testcase classname="scripts.RejectScheduleRejectFunctionalityTest" name="Rejecting_Audit_Schedule_Test" time="33.357"/>
  <system-out/>
  <testcase classname="scripts.RejectScheduleRejectFunctionalityTest" name="Rejecting_The_Request_By_Admin_Test" time="18.404"/>
  <system-out/>
  <testcase classname="scripts.RejectScheduleRejectFunctionalityTest" name="Rejected_Request_Should_Show_For_The_Auditor_Test" time="24.732"/>
  <system-out/>
</testsuite> <!-- scripts.RejectScheduleRejectFunctionalityTest -->
