<?xml version="1.0" encoding="UTF-8"?>
<!-- Generated by org.testng.reporters.JUnitReportReporter -->
<testsuite hostname="DESKTOP-18QGTHL" failures="0" tests="4" name="scripts.ScheduleUploadChangesFunctionalityTest" time="59.484" errors="0" timestamp="2024-07-02T10:28:43 IST" skipped="0">
  <testcase classname="scripts.ScheduleUploadChangesFunctionalityTest" name="Schedule_Upload_Test" time="21.810"/>
  <system-out/>
  <testcase classname="scripts.ScheduleUploadChangesFunctionalityTest" name="UploadValidScheduleDoc" time="14.855"/>
  <system-out/>
  <testcase classname="scripts.ScheduleUploadChangesFunctionalityTest" name="SmartSearch" time="3.729"/>
  <system-out/>
  <testcase classname="scripts.ScheduleUploadChangesFunctionalityTest" name="UploadScheduelThroghSchedulModule" time="19.090"/>
  <system-out/>
</testsuite> <!-- scripts.ScheduleUploadChangesFunctionalityTest -->
