<?xml version="1.0" encoding="UTF-8"?>
<!-- Generated by org.testng.reporters.JUnitReportReporter -->
<testsuite hostname="DESKTOP-18QGTHL" failures="0" tests="10" name="scripts.AuditorMyIssuePageSearchFunctionality" time="78.822" errors="0" timestamp="2024-05-02T12:17:44 IST" skipped="0">
  <testcase classname="scripts.AuditorMyIssuePageSearchFunctionality" name="Issues_Page_Test" time="9.873"/>
  <system-out/>
  <testcase classname="scripts.AuditorMyIssuePageSearchFunctionality" name="Select_Parent_AuditType_Search_Test" time="5.588"/>
  <system-out/>
  <testcase classname="scripts.AuditorMyIssuePageSearchFunctionality" name="Select_Intent_Search_Test" time="12.347"/>
  <system-out/>
  <testcase classname="scripts.AuditorMyIssuePageSearchFunctionality" name="Select_Group_Search_Test" time="5.290"/>
  <system-out/>
  <testcase classname="scripts.AuditorMyIssuePageSearchFunctionality" name="Select_Issue_Status_Search_Test" time="4.381"/>
  <system-out/>
  <testcase classname="scripts.AuditorMyIssuePageSearchFunctionality" name="Auditee_search_Functionality_Test" time="7.017"/>
  <system-out/>
  <testcase classname="scripts.AuditorMyIssuePageSearchFunctionality" name="Schedule_Start_From_And_Schedule_Start_TO_Search_Functionality_Test" time="9.369"/>
  <system-out/>
  <testcase classname="scripts.AuditorMyIssuePageSearchFunctionality" name="Schedule_End_From_And_Schedule_End_TO_Search_Functionality_Test" time="9.250"/>
  <system-out/>
  <testcase classname="scripts.AuditorMyIssuePageSearchFunctionality" name="Schedule_Start_From_And_Schedule_Start_TO_Mandatory_Test" time="3.059"/>
  <system-out/>
  <testcase classname="scripts.AuditorMyIssuePageSearchFunctionality" name="All_Search_Criteria_Test" time="12.648"/>
  <system-out/>
</testsuite> <!-- scripts.AuditorMyIssuePageSearchFunctionality -->
