<?xml version="1.0" encoding="UTF-8"?>
<!-- Generated by org.testng.reporters.JUnitReportReporter -->
<testsuite skipped="0" hostname="Automation-win" name="scripts.FixedScoringLogicSubAuditsScenario1Test" tests="9" failures="0" timestamp="2023-06-14T02:42:53 IST" time="424.822" errors="0">
  <testcase name="Annexure_Page_Test" time="5.291" classname="scripts.FixedScoringLogicSubAuditsScenario1Test"/>
  <system-out/>
  <testcase name="Creating_Sub_AuditTypes_Test" time="46.773" classname="scripts.FixedScoringLogicSubAuditsScenario1Test"/>
  <system-out/>
  <testcase name="Creating_Parent_Audit_Type_Test" time="42.293" classname="scripts.FixedScoringLogicSubAuditsScenario1Test"/>
  <system-out/>
  <testcase name="Uploading_Annexure_Documents_Test" time="25.529" classname="scripts.FixedScoringLogicSubAuditsScenario1Test"/>
  <system-out/>
  <testcase name="Auditee_Admin_Configuration_Test" time="18.239" classname="scripts.FixedScoringLogicSubAuditsScenario1Test"/>
  <system-out/>
  <testcase name="Creating_Audit_Schedule_Test" time="18.937" classname="scripts.FixedScoringLogicSubAuditsScenario1Test"/>
  <system-out/>
  <testcase name="Audit_Execution_Test" time="203.967" classname="scripts.FixedScoringLogicSubAuditsScenario1Test"/>
  <system-out/>
  <testcase name="Finalize_And_Close_Audit_Test" time="55.974" classname="scripts.FixedScoringLogicSubAuditsScenario1Test"/>
  <system-out/>
  <testcase name="Validating_The_Scores_Test" time="7.819" classname="scripts.FixedScoringLogicSubAuditsScenario1Test"/>
  <system-out/>
</testsuite> <!-- scripts.FixedScoringLogicSubAuditsScenario1Test -->
