<?xml version="1.0" encoding="UTF-8"?>
<!-- Generated by org.testng.reporters.JUnitReportReporter -->
<testsuite hostname="DESKTOP-18QGTHL" failures="0" tests="6" name="scripts.RejectScheduleAcceptFunctionalityTest" time="306.889" errors="0" timestamp="2024-06-28T18:03:54 IST" skipped="0">
  <testcase classname="scripts.RejectScheduleAcceptFunctionalityTest" name="Creating_Audit_Type_Test" time="166.380"/>
  <system-out/>
  <testcase classname="scripts.RejectScheduleAcceptFunctionalityTest" name="Auditee_Admin_Configuration_Test" time="17.872"/>
  <system-out/>
  <testcase classname="scripts.RejectScheduleAcceptFunctionalityTest" name="Creating_Audit_Schedule_Test" time="20.827"/>
  <system-out/>
  <testcase classname="scripts.RejectScheduleAcceptFunctionalityTest" name="Rejecting_Schedule_Test" time="21.001"/>
  <system-out/>
  <testcase classname="scripts.RejectScheduleAcceptFunctionalityTest" name="Request_Accept_Test_By_Admin" time="49.492"/>
  <system-out/>
  <testcase classname="scripts.RejectScheduleAcceptFunctionalityTest" name="Accepted_Request_Should_Not_Be_Show_For_The_Auditor_Test" time="31.317"/>
  <system-out/>
</testsuite> <!-- scripts.RejectScheduleAcceptFunctionalityTest -->
