<?xml version="1.0" encoding="UTF-8"?>
<!-- Generated by org.testng.reporters.JUnitReportReporter -->
<testsuite hostname="DESKTOP-18QGTHL" failures="0" tests="1" name="scripts.AnnexureActiveOrInactiveColumn" time="49.786" errors="0" timestamp="2024-06-14T17:29:02 IST" skipped="0">
  <testcase classname="scripts.AnnexureActiveOrInactiveColumn" name="Impulsive_Annexure_Creation" time="49.786"/>
  <system-out/>
</testsuite> <!-- scripts.AnnexureActiveOrInactiveColumn -->
