<?xml version="1.0" encoding="UTF-8"?>
<!-- Generated by org.testng.reporters.JUnitReportReporter -->
<testsuite skipped="0" hostname="Automation-win" name="scripts.RedistributionScoringLogicSubAuditsScenario1Test" tests="9" failures="0" timestamp="2023-06-14T02:42:53 IST" time="460.896" errors="0">
  <testcase name="Annexure_Page_Test" time="4.494" classname="scripts.RedistributionScoringLogicSubAuditsScenario1Test"/>
  <system-out/>
  <testcase name="Creating_Sub_AuditTypes_Test" time="65.920" classname="scripts.RedistributionScoringLogicSubAuditsScenario1Test"/>
  <system-out/>
  <testcase name="Creating_Parent_Audit_Type_Test" time="45.785" classname="scripts.RedistributionScoringLogicSubAuditsScenario1Test"/>
  <system-out/>
  <testcase name="Uploading_Annexure_Documents_Test" time="27.441" classname="scripts.RedistributionScoringLogicSubAuditsScenario1Test"/>
  <system-out/>
  <testcase name="Auditee_Admin_Configuration_Test" time="18.528" classname="scripts.RedistributionScoringLogicSubAuditsScenario1Test"/>
  <system-out/>
  <testcase name="Creating_Audit_Schedule_Test" time="20.408" classname="scripts.RedistributionScoringLogicSubAuditsScenario1Test"/>
  <system-out/>
  <testcase name="Audit_Execution_Test" time="221.891" classname="scripts.RedistributionScoringLogicSubAuditsScenario1Test"/>
  <system-out/>
  <testcase name="Finalize_Audit_Test" time="48.968" classname="scripts.RedistributionScoringLogicSubAuditsScenario1Test"/>
  <system-out/>
  <testcase name="Validating_The_Scores_Test" time="7.461" classname="scripts.RedistributionScoringLogicSubAuditsScenario1Test"/>
  <system-out/>
</testsuite> <!-- scripts.RedistributionScoringLogicSubAuditsScenario1Test -->
