<?xml version="1.0" encoding="UTF-8"?>
<!-- Generated by org.testng.reporters.JUnitReportReporter -->
<testsuite hostname="DESKTOP-18QGTHL" failures="0" tests="5" name="scripts.AuditeeSignOffFunctionalityTest" time="314.500" errors="0" timestamp="2024-06-06T13:26:24 IST" skipped="0">
  <testcase classname="scripts.AuditeeSignOffFunctionalityTest" name="Adding_Group_Test" time="13.076"/>
  <system-out/>
  <testcase classname="scripts.AuditeeSignOffFunctionalityTest" name="Creating_Parent_Audit_Type_Test" time="177.679"/>
  <system-out/>
  <testcase classname="scripts.AuditeeSignOffFunctionalityTest" name="Auditee_Admin_Configuration_Test" time="23.759"/>
  <system-out/>
  <testcase classname="scripts.AuditeeSignOffFunctionalityTest" name="Creating_Multiple_Auditor_Schedule_Test" time="28.054"/>
  <system-out/>
  <testcase classname="scripts.AuditeeSignOffFunctionalityTest" name="Executing_The_Schedule_By_1st_Auditor_Test" time="71.932"/>
  <system-out/>
</testsuite> <!-- scripts.AuditeeSignOffFunctionalityTest -->
