<?xml version="1.0" encoding="UTF-8"?>
<!-- Generated by org.testng.reporters.JUnitReportReporter -->
<testsuite hostname="DESKTOP-18QGTHL" failures="0" tests="5" name="scripts.AuditSignoffForSubAuditLevelFunctionalittyTest" time="63.118" errors="0" timestamp="2024-06-24T16:16:21 IST" skipped="0">
  <testcase classname="scripts.AuditSignoffForSubAuditLevelFunctionalittyTest" name="Signoffing_The_AuditType_Test" time="12.975"/>
  <system-out/>
  <testcase classname="scripts.AuditSignoffForSubAuditLevelFunctionalittyTest" name="SignOffStaticSubAudit2" time="17.595"/>
  <system-out/>
  <testcase classname="scripts.AuditSignoffForSubAuditLevelFunctionalittyTest" name="SignOffStaticSubAudit1" time="7.054"/>
  <system-out/>
  <testcase classname="scripts.AuditSignoffForSubAuditLevelFunctionalittyTest" name="SignOffGeneralAuditType" time="17.126"/>
  <system-out/>
  <testcase classname="scripts.AuditSignoffForSubAuditLevelFunctionalittyTest" name="SignOffGeneralAuditType1" time="8.368"/>
  <system-out/>
</testsuite> <!-- scripts.AuditSignoffForSubAuditLevelFunctionalittyTest -->
