<?xml version="1.0" encoding="UTF-8"?>
<!-- Generated by org.testng.reporters.JUnitReportReporter -->
<testsuite hostname="DESKTOP-18QGTHL" failures="0" tests="6" name="scripts.ExtentionRequestAcceptFunctionalityTest" time="286.670" errors="0" timestamp="2024-07-02T15:48:35 IST" skipped="0">
  <testcase classname="scripts.ExtentionRequestAcceptFunctionalityTest" name="Creating_Audit_Type_Test" time="170.307"/>
  <system-out/>
  <testcase classname="scripts.ExtentionRequestAcceptFunctionalityTest" name="Auditee_Admin_Configuration_Test" time="20.228"/>
  <system-out/>
  <testcase classname="scripts.ExtentionRequestAcceptFunctionalityTest" name="Creating_Schedule_Test" time="22.020"/>
  <system-out/>
  <testcase classname="scripts.ExtentionRequestAcceptFunctionalityTest" name="Extention_Audit_Schedule_Test" time="41.239"/>
  <system-out/>
  <testcase classname="scripts.ExtentionRequestAcceptFunctionalityTest" name="Modify_Request_For_Extention_Test" time="17.728"/>
  <system-out/>
  <testcase classname="scripts.ExtentionRequestAcceptFunctionalityTest" name="Extention_Request_Accept_Test_By_Admin" time="15.148"/>
  <system-out/>
</testsuite> <!-- scripts.ExtentionRequestAcceptFunctionalityTest -->
