<?xml version="1.0" encoding="UTF-8"?>
<!-- Generated by org.testng.reporters.JUnitReportReporter -->
<testsuite hostname="DESKTOP-18QGTHL" failures="0" tests="6" name="scripts.AuditeeUserMyAuditsPageSearchFunctionalityTest" time="74.106" errors="0" timestamp="2024-06-24T10:48:29 IST" skipped="0">
  <testcase classname="scripts.AuditeeUserMyAuditsPageSearchFunctionalityTest" name="MY_Audits_Page_Test" time="19.330"/>
  <system-out/>
  <testcase classname="scripts.AuditeeUserMyAuditsPageSearchFunctionalityTest" name="Select_Audit_Type_Search_Test" time="15.794"/>
  <system-out/>
  <testcase classname="scripts.AuditeeUserMyAuditsPageSearchFunctionalityTest" name="Select_Execution_Status_Search_Test" time="3.155"/>
  <system-out/>
  <testcase classname="scripts.AuditeeUserMyAuditsPageSearchFunctionalityTest" name="Select_Date_Range_Search_Test" time="5.574"/>
  <system-out/>
  <testcase classname="scripts.AuditeeUserMyAuditsPageSearchFunctionalityTest" name="Select_Auditee_Search_Test" time="6.562"/>
  <system-out/>
  <testcase classname="scripts.AuditeeUserMyAuditsPageSearchFunctionalityTest" name="All_Search_Test" time="23.691"/>
  <system-out/>
</testsuite> <!-- scripts.AuditeeUserMyAuditsPageSearchFunctionalityTest -->
