<?xml version="1.0" encoding="UTF-8"?>
<!-- Generated by org.testng.reporters.JUnitReportReporter -->
<testsuite skipped="0" hostname="Automation-win" name="scripts.RemovingNAAndPartailComplianceNormalModeFunctionalityTest" tests="6" failures="0" timestamp="2023-02-10T13:10:52 IST" time="368.204" errors="0">
  <testcase name="Creating_The_Group_Test" time="4.002" classname="scripts.RemovingNAAndPartailComplianceNormalModeFunctionalityTest"/>
  <system-out/>
  <testcase name="Creating_AuditType_Test" time="38.421" classname="scripts.RemovingNAAndPartailComplianceNormalModeFunctionalityTest"/>
  <system-out/>
  <testcase name="Auditee_Admin_Configuration_Test" time="14.654" classname="scripts.RemovingNAAndPartailComplianceNormalModeFunctionalityTest"/>
  <system-out/>
  <testcase name="Creating_Schedule_Test" time="19.731" classname="scripts.RemovingNAAndPartailComplianceNormalModeFunctionalityTest"/>
  <system-out/>
  <testcase name="Audit_Execution_With_Normal_Mode_Test" time="191.372" classname="scripts.RemovingNAAndPartailComplianceNormalModeFunctionalityTest"/>
  <system-out/>
  <testcase name="Compliance_Should_Display_Under_Review_Audit_Page" time="100.024" classname="scripts.RemovingNAAndPartailComplianceNormalModeFunctionalityTest"/>
  <system-out/>
</testsuite> <!-- scripts.RemovingNAAndPartailComplianceNormalModeFunctionalityTest -->
