<?xml version="1.0" encoding="UTF-8"?>
<!-- Generated by org.testng.reporters.JUnitReportReporter -->
<testsuite hostname="A360-Automation" name="scripts.RedistributionScoringLogicScenario5Test" tests="5" failures="0" timestamp="22 Nov 2022 07:44:46 GMT" time="193.201" errors="0">
  <testcase name="Creating_Parent_Audit_Type_Test" time="38.274" classname="scripts.RedistributionScoringLogicScenario5Test"/>
  <testcase name="Creating_Audit_Schedule_Test" time="16.035" classname="scripts.RedistributionScoringLogicScenario5Test"/>
  <testcase name="Adding_Group_Test" time="5.384" classname="scripts.RedistributionScoringLogicScenario5Test"/>
  <testcase name="Auditee_Admin_Configuration_Test" time="13.362" classname="scripts.RedistributionScoringLogicScenario5Test"/>
  <testcase name="Audit_Execution_Tets" time="120.146" classname="scripts.RedistributionScoringLogicScenario5Test"/>
</testsuite> <!-- scripts.RedistributionScoringLogicScenario5Test -->
